Build started 11.08.2012 0:06:30.
     1>Project "C:\Projects\visualartists\unityOpencvPlugin\VS2008Plugin\VisualStudio\TexturePlugin.vcxproj" on node 2 (build target(s)).
     1>InitializeBuildStatus:
         Creating "build/debug\ASimplePlugin.unsuccessfulbuild" because "AlwaysCreate" was specified.
       ClCompile:
         All outputs are up-to-date.
       ManifestResourceCompile:
         All outputs are up-to-date.
     1>C:\Program Files (x86)\MSBuild\Microsoft.Cpp\v4.0\Microsoft.CppBuild.targets(990,5): warning MSB8012: TargetPath(C:\Projects\visualartists\unityOpencvPlugin\VS2008Plugin\VisualStudio\build/debug\ASimplePlugin.dll) does not match the Linker's OutputFile property value (C:\Projects\UnityProjects\MoscowHistoryARUnity\Assets\Plugins\CVPlugin.dll). This may cause your project to build incorrectly. To correct this, please make sure that $(OutDir), $(TargetName) and $(TargetExt) property values match the value specified in %(Link.OutputFile).
     1>C:\Program Files (x86)\MSBuild\Microsoft.Cpp\v4.0\Microsoft.CppBuild.targets(992,5): warning MSB8012: TargetName(ASimplePlugin) does not match the Linker's OutputFile property value (CVPlugin). This may cause your project to build incorrectly. To correct this, please make sure that $(OutDir), $(TargetName) and $(TargetExt) property values match the value specified in %(Link.OutputFile).
       Link:
         All outputs are up-to-date.
       Manifest:
         All outputs are up-to-date.
       FinalizeBuildStatus:
         Deleting file "build/debug\ASimplePlugin.unsuccessfulbuild".
         Touching "build/debug\ASimplePlugin.lastbuildstate".
     1>Done Building Project "C:\Projects\visualartists\unityOpencvPlugin\VS2008Plugin\VisualStudio\TexturePlugin.vcxproj" (build target(s)).

Build succeeded.

Time Elapsed 00:00:00.09
